---------------------------------------------------------------
[ 2018-05-19T16:52:51+08:00 ] 0.0.0.0 GET /hntravel/public/index.php/admin/ajax/wipecache?_=1526719969636
[ info ] localhost/hntravel/public/index.php/admin/ajax/wipecache?_=1526719969636 [运行时间：0.081005s][吞吐率：12.34req/s] [内存消耗：2,644.00kb] [文件加载：72]
[ info ] [ BEHAVIOR ] Run Closure @app_init [ RunTime:0.000000s ]
[ info ] [ CACHE ] INIT File
[ info ] [ BEHAVIOR ] Run Closure @app_init [ RunTime:0.002001s ]
[ info ] [ LANG ] D:\phpStudy\WWW\hntravel\thinkphp\lang\zh-cn.php
[ info ] [ ROUTE ] array (
  'type' => 'module',
  'module' => 
  array (
    0 => 'admin',
    1 => 'ajax',
    2 => 'wipecache',
  ),
)
[ info ] [ HEADER ] array (
  'cookie' => 'Hm_lvt_f8d0a8c400404989e195270b0bbf060a=1526652868; PHPSESSID=fknv6k208hv0lf5c073ba15rf4',
  'accept-language' => 'zh-CN,zh;q=0.9',
  'accept-encoding' => 'gzip, deflate, br',
  'referer' => 'http://localhost/hntravel/public/index.php/admin/dashboard?ref=addtabs',
  'user-agent' => 'Mozilla/5.0 (Windows NT 6.1; Win64; x64) AppleWebKit/537.36 (KHTML, like Gecko) Chrome/66.0.3359.139 Safari/537.36',
  'x-requested-with' => 'XMLHttpRequest',
  'accept' => 'application/json, text/javascript, */*; q=0.01',
  'connection' => 'close',
  'host' => 'localhost',
)
[ info ] [ PARAM ] array (
  '_' => '1526719969636',
)
[ info ] [ LANG ] D:\phpStudy\WWW\hntravel\public/../application/admin\lang\zh-cn.php
[ info ] [ BEHAVIOR ] Run app\common\behavior\Common @module_init [ RunTime:0.000000s ]
[ info ] [ SESSION ] INIT array (
  'id' => '',
  'var_session_id' => '',
  'prefix' => 'think',
  'type' => '',
  'auto_start' => true,
)
[ info ] [ LANG ] D:\phpStudy\WWW\hntravel\public/../application/admin/lang/zh-cn/ajax.php
[ info ] [ RUN ] app\admin\controller\Ajax->wipecache[ D:\phpStudy\WWW\hntravel\application\admin\controller\Ajax.php ]
[ info ] [ BEHAVIOR ] Run app\admin\behavior\AdminLog @app_end [ RunTime:0.001000s ]
[ info ] [ LOG ] INIT File
---------------------------------------------------------------
[ 2018-05-19T16:52:55+08:00 ] 0.0.0.0 GET /hntravel/public/index.php/admin/general/profile?addtabs=1
[ info ] localhost/hntravel/public/index.php/admin/general/profile?addtabs=1 [运行时间：0.161009s][吞吐率：6.21req/s] [内存消耗：3,595.30kb] [文件加载：80]
[ info ] [ BEHAVIOR ] Run Closure @app_init [ RunTime:0.000000s ]
[ info ] [ CACHE ] INIT File
[ info ] [ BEHAVIOR ] Run Closure @app_init [ RunTime:0.004000s ]
[ info ] [ LANG ] D:\phpStudy\WWW\hntravel\thinkphp\lang\zh-cn.php
[ info ] [ ROUTE ] array (
  'type' => 'module',
  'module' => 
  array (
    0 => 'admin',
    1 => 'general.profile',
    2 => NULL,
  ),
)
[ info ] [ HEADER ] array (
  'cookie' => 'Hm_lvt_f8d0a8c400404989e195270b0bbf060a=1526652868; PHPSESSID=fknv6k208hv0lf5c073ba15rf4',
  'accept-language' => 'zh-CN,zh;q=0.9',
  'accept-encoding' => 'gzip, deflate, br',
  'referer' => 'http://localhost/hntravel/public/index.php/admin/general/profile?ref=addtabs',
  'accept' => 'text/html,application/xhtml+xml,application/xml;q=0.9,image/webp,image/apng,*/*;q=0.8',
  'user-agent' => 'Mozilla/5.0 (Windows NT 6.1; Win64; x64) AppleWebKit/537.36 (KHTML, like Gecko) Chrome/66.0.3359.139 Safari/537.36',
  'upgrade-insecure-requests' => '1',
  'connection' => 'close',
  'host' => 'localhost',
)
[ info ] [ PARAM ] array (
  'addtabs' => '1',
)
[ info ] [ LANG ] D:\phpStudy\WWW\hntravel\public/../application/admin\lang\zh-cn.php
[ info ] [ BEHAVIOR ] Run app\common\behavior\Common @module_init [ RunTime:0.002001s ]
[ info ] [ SESSION ] INIT array (
  'id' => '',
  'var_session_id' => '',
  'prefix' => 'think',
  'type' => '',
  'auto_start' => true,
)
[ info ] [ DB ] INIT mysql
[ info ] [ LANG ] D:\phpStudy\WWW\hntravel\public/../application/admin/lang/zh-cn/general/profile.php
[ info ] [ RUN ] app\admin\controller\general\Profile->index[ D:\phpStudy\WWW\hntravel\application\admin\controller\general\Profile.php ]
[ info ] [ VIEW ] D:\phpStudy\WWW\hntravel\public/../application/admin\view\general\profile\index.html [ array (
  0 => 'breadcrumb',
  1 => 'site',
  2 => 'config',
  3 => 'auth',
  4 => 'admin',
) ]
[ info ] [ BEHAVIOR ] Run app\admin\behavior\AdminLog @app_end [ RunTime:0.001000s ]
[ info ] [ LOG ] INIT File
[ sql ] [ DB ] CONNECT:[ UseTime:0.004000s ] mysql:host=localhost;dbname=hntravel;charset=utf8
[ sql ] [ SQL ] SHOW COLUMNS FROM `hn_auth_group_access` [ RunTime:0.020001s ]
[ sql ] [ SQL ] SELECT `aga`.`uid`,`aga`.`group_id`,`ag`.`id`,`ag`.`pid`,`ag`.`name`,`ag`.`rules` FROM `hn_auth_group_access` `aga` LEFT JOIN `hn_auth_group` `ag` ON `aga`.`group_id`=`ag`.`id` WHERE  (  aga.uid='1' and ag.status='normal' ) [ RunTime:0.001000s ]
[ sql ] [ SQL ] SHOW COLUMNS FROM `hn_auth_rule` [ RunTime:0.001000s ]
[ sql ] [ SQL ] SELECT `id`,`pid`,`condition`,`icon`,`name`,`title`,`ismenu` FROM `hn_auth_rule` WHERE  `status` = 'normal' [ RunTime:0.002000s ]
---------------------------------------------------------------
[ 2018-05-19T16:52:55+08:00 ] 0.0.0.0 GET /hntravel/public/index.php/admin/ajax/lang?callback=define&controllername=general.profile&v=1526719975
[ info ] localhost/hntravel/public/index.php/admin/ajax/lang?callback=define&controllername=general.profile&v=1526719975 [运行时间：0.051003s][吞吐率：19.61req/s] [内存消耗：2,643.82kb] [文件加载：72]
[ info ] [ BEHAVIOR ] Run Closure @app_init [ RunTime:0.000000s ]
[ info ] [ CACHE ] INIT File
[ info ] [ BEHAVIOR ] Run Closure @app_init [ RunTime:0.003000s ]
[ info ] [ LANG ] D:\phpStudy\WWW\hntravel\thinkphp\lang\zh-cn.php
[ info ] [ ROUTE ] array (
  'type' => 'module',
  'module' => 
  array (
    0 => 'admin',
    1 => 'ajax',
    2 => 'lang',
  ),
)
[ info ] [ HEADER ] array (
  'cookie' => 'Hm_lvt_f8d0a8c400404989e195270b0bbf060a=1526652868; PHPSESSID=fknv6k208hv0lf5c073ba15rf4',
  'accept-language' => 'zh-CN,zh;q=0.9',
  'accept-encoding' => 'gzip, deflate, br',
  'referer' => 'http://localhost/hntravel/public/index.php/admin/general/profile?addtabs=1',
  'accept' => '*/*',
  'user-agent' => 'Mozilla/5.0 (Windows NT 6.1; Win64; x64) AppleWebKit/537.36 (KHTML, like Gecko) Chrome/66.0.3359.139 Safari/537.36',
  'connection' => 'close',
  'host' => 'localhost',
)
[ info ] [ PARAM ] array (
  'callback' => 'define',
  'controllername' => 'general.profile',
  'v' => '1526719975',
)
[ info ] [ LANG ] D:\phpStudy\WWW\hntravel\public/../application/admin\lang\zh-cn.php
[ info ] [ BEHAVIOR ] Run app\common\behavior\Common @module_init [ RunTime:0.000000s ]
[ info ] [ SESSION ] INIT array (
  'id' => '',
  'var_session_id' => '',
  'prefix' => 'think',
  'type' => '',
  'auto_start' => true,
)
[ info ] [ LANG ] D:\phpStudy\WWW\hntravel\public/../application/admin/lang/zh-cn/ajax.php
[ info ] [ RUN ] app\admin\controller\Ajax->lang[ D:\phpStudy\WWW\hntravel\application\admin\controller\Ajax.php ]
[ info ] [ LANG ] D:\phpStudy\WWW\hntravel\public/../application/admin/lang/zh-cn/general/profile.php
[ info ] [ BEHAVIOR ] Run app\admin\behavior\AdminLog @app_end [ RunTime:0.001000s ]
[ info ] [ LOG ] INIT File
---------------------------------------------------------------
[ 2018-05-19T16:52:56+08:00 ] 0.0.0.0 GET /hntravel/public/index.php/admin/general/profile/index?sort=id&order=desc&offset=0&limit=10&_=1526719975814
[ info ] localhost/hntravel/public/index.php/admin/general/profile/index?sort=id&order=desc&offset=0&limit=10&_=1526719975814 [运行时间：0.162009s][吞吐率：6.17req/s] [内存消耗：3,453.44kb] [文件加载：79]
[ info ] [ BEHAVIOR ] Run Closure @app_init [ RunTime:0.001000s ]
[ info ] [ CACHE ] INIT File
[ info ] [ BEHAVIOR ] Run Closure @app_init [ RunTime:0.004000s ]
[ info ] [ LANG ] D:\phpStudy\WWW\hntravel\thinkphp\lang\zh-cn.php
[ info ] [ ROUTE ] array (
  'type' => 'module',
  'module' => 
  array (
    0 => 'admin',
    1 => 'general.profile',
    2 => 'index',
  ),
)
[ info ] [ HEADER ] array (
  'cookie' => 'Hm_lvt_f8d0a8c400404989e195270b0bbf060a=1526652868; PHPSESSID=fknv6k208hv0lf5c073ba15rf4',
  'accept-language' => 'zh-CN,zh;q=0.9',
  'accept-encoding' => 'gzip, deflate, br',
  'referer' => 'http://localhost/hntravel/public/index.php/admin/general/profile?addtabs=1',
  'content-type' => 'application/json',
  'user-agent' => 'Mozilla/5.0 (Windows NT 6.1; Win64; x64) AppleWebKit/537.36 (KHTML, like Gecko) Chrome/66.0.3359.139 Safari/537.36',
  'x-requested-with' => 'XMLHttpRequest',
  'accept' => 'application/json, text/javascript, */*; q=0.01',
  'connection' => 'close',
  'host' => 'localhost',
)
[ info ] [ PARAM ] array (
  'sort' => 'id',
  'order' => 'desc',
  'offset' => '0',
  'limit' => '10',
  '_' => '1526719975814',
)
[ info ] [ LANG ] D:\phpStudy\WWW\hntravel\public/../application/admin\lang\zh-cn.php
[ info ] [ BEHAVIOR ] Run app\common\behavior\Common @module_init [ RunTime:0.001000s ]
[ info ] [ SESSION ] INIT array (
  'id' => '',
  'var_session_id' => '',
  'prefix' => 'think',
  'type' => '',
  'auto_start' => true,
)
[ info ] [ DB ] INIT mysql
[ info ] [ LANG ] D:\phpStudy\WWW\hntravel\public/../application/admin/lang/zh-cn/general/profile.php
[ info ] [ RUN ] app\admin\controller\general\Profile->index[ D:\phpStudy\WWW\hntravel\application\admin\controller\general\Profile.php ]
[ info ] [ BEHAVIOR ] Run app\admin\behavior\AdminLog @app_end [ RunTime:0.000000s ]
[ info ] [ LOG ] INIT File
[ sql ] [ DB ] CONNECT:[ UseTime:0.003000s ] mysql:host=localhost;dbname=hntravel;charset=utf8
[ sql ] [ SQL ] SHOW COLUMNS FROM `hn_auth_group_access` [ RunTime:0.027002s ]
[ sql ] [ SQL ] SELECT `aga`.`uid`,`aga`.`group_id`,`ag`.`id`,`ag`.`pid`,`ag`.`name`,`ag`.`rules` FROM `hn_auth_group_access` `aga` LEFT JOIN `hn_auth_group` `ag` ON `aga`.`group_id`=`ag`.`id` WHERE  (  aga.uid='1' and ag.status='normal' ) [ RunTime:0.001000s ]
[ sql ] [ SQL ] SHOW COLUMNS FROM `hn_auth_rule` [ RunTime:0.005000s ]
[ sql ] [ SQL ] SELECT `id`,`pid`,`condition`,`icon`,`name`,`title`,`ismenu` FROM `hn_auth_rule` WHERE  `status` = 'normal' [ RunTime:0.004000s ]
[ sql ] [ SQL ] SHOW COLUMNS FROM `hn_admin_log` [ RunTime:0.017001s ]
[ sql ] [ SQL ] SELECT COUNT(*) AS tp_count FROM `hn_admin_log` WHERE  `admin_id` = 1 ORDER BY `id`  desc LIMIT 1 [ RunTime:0.019001s ]
[ sql ] [ SQL ] SELECT * FROM `hn_admin_log` WHERE  `admin_id` = 1 ORDER BY `id`  desc LIMIT 0,10 [ RunTime:0.001000s ]
---------------------------------------------------------------
[ 2018-05-19T16:52:57+08:00 ] 0.0.0.0 GET /hntravel/public/index.php/admin/general/profile/index?sort=id&order=desc&offset=0&limit=10&_=1526719975815
[ info ] localhost/hntravel/public/index.php/admin/general/profile/index?sort=id&order=desc&offset=0&limit=10&_=1526719975815 [运行时间：0.105006s][吞吐率：9.52req/s] [内存消耗：3,453.44kb] [文件加载：79]
[ info ] [ BEHAVIOR ] Run Closure @app_init [ RunTime:0.000000s ]
[ info ] [ CACHE ] INIT File
[ info ] [ BEHAVIOR ] Run Closure @app_init [ RunTime:0.002001s ]
[ info ] [ LANG ] D:\phpStudy\WWW\hntravel\thinkphp\lang\zh-cn.php
[ info ] [ ROUTE ] array (
  'type' => 'module',
  'module' => 
  array (
    0 => 'admin',
    1 => 'general.profile',
    2 => 'index',
  ),
)
[ info ] [ HEADER ] array (
  'cookie' => 'Hm_lvt_f8d0a8c400404989e195270b0bbf060a=1526652868; PHPSESSID=fknv6k208hv0lf5c073ba15rf4',
  'accept-language' => 'zh-CN,zh;q=0.9',
  'accept-encoding' => 'gzip, deflate, br',
  'referer' => 'http://localhost/hntravel/public/index.php/admin/general/profile?addtabs=1',
  'content-type' => 'application/json',
  'user-agent' => 'Mozilla/5.0 (Windows NT 6.1; Win64; x64) AppleWebKit/537.36 (KHTML, like Gecko) Chrome/66.0.3359.139 Safari/537.36',
  'x-requested-with' => 'XMLHttpRequest',
  'accept' => 'application/json, text/javascript, */*; q=0.01',
  'connection' => 'close',
  'host' => 'localhost',
)
[ info ] [ PARAM ] array (
  'sort' => 'id',
  'order' => 'desc',
  'offset' => '0',
  'limit' => '10',
  '_' => '1526719975815',
)
[ info ] [ LANG ] D:\phpStudy\WWW\hntravel\public/../application/admin\lang\zh-cn.php
[ info ] [ BEHAVIOR ] Run app\common\behavior\Common @module_init [ RunTime:0.001000s ]
[ info ] [ SESSION ] INIT array (
  'id' => '',
  'var_session_id' => '',
  'prefix' => 'think',
  'type' => '',
  'auto_start' => true,
)
[ info ] [ DB ] INIT mysql
[ info ] [ LANG ] D:\phpStudy\WWW\hntravel\public/../application/admin/lang/zh-cn/general/profile.php
[ info ] [ RUN ] app\admin\controller\general\Profile->index[ D:\phpStudy\WWW\hntravel\application\admin\controller\general\Profile.php ]
[ info ] [ BEHAVIOR ] Run app\admin\behavior\AdminLog @app_end [ RunTime:0.000000s ]
[ info ] [ LOG ] INIT File
[ sql ] [ DB ] CONNECT:[ UseTime:0.004000s ] mysql:host=localhost;dbname=hntravel;charset=utf8
[ sql ] [ SQL ] SHOW COLUMNS FROM `hn_auth_group_access` [ RunTime:0.023002s ]
[ sql ] [ SQL ] SELECT `aga`.`uid`,`aga`.`group_id`,`ag`.`id`,`ag`.`pid`,`ag`.`name`,`ag`.`rules` FROM `hn_auth_group_access` `aga` LEFT JOIN `hn_auth_group` `ag` ON `aga`.`group_id`=`ag`.`id` WHERE  (  aga.uid='1' and ag.status='normal' ) [ RunTime:0.002000s ]
[ sql ] [ SQL ] SHOW COLUMNS FROM `hn_auth_rule` [ RunTime:0.002000s ]
[ sql ] [ SQL ] SELECT `id`,`pid`,`condition`,`icon`,`name`,`title`,`ismenu` FROM `hn_auth_rule` WHERE  `status` = 'normal' [ RunTime:0.001000s ]
[ sql ] [ SQL ] SHOW COLUMNS FROM `hn_admin_log` [ RunTime:0.002001s ]
[ sql ] [ SQL ] SELECT COUNT(*) AS tp_count FROM `hn_admin_log` WHERE  `admin_id` = 1 ORDER BY `id`  desc LIMIT 1 [ RunTime:0.001000s ]
[ sql ] [ SQL ] SELECT * FROM `hn_admin_log` WHERE  `admin_id` = 1 ORDER BY `id`  desc LIMIT 0,10 [ RunTime:0.001000s ]
---------------------------------------------------------------
[ 2018-05-19T16:54:40+08:00 ] 0.0.0.0 GET /hntravel/public/index.php/admin/category?addtabs=1
[ info ] localhost/hntravel/public/index.php/admin/category?addtabs=1 [运行时间：7.951455s][吞吐率：0.13req/s] [内存消耗：3,726.86kb] [文件加载：83]
[ info ] [ BEHAVIOR ] Run Closure @app_init [ RunTime:0.000000s ]
[ info ] [ CACHE ] INIT File
[ info ] [ BEHAVIOR ] Run Closure @app_init [ RunTime:0.006001s ]
[ info ] [ LANG ] D:\phpStudy\WWW\hntravel\thinkphp\lang\zh-cn.php
[ info ] [ ROUTE ] array (
  'type' => 'module',
  'module' => 
  array (
    0 => 'admin',
    1 => 'category',
    2 => NULL,
  ),
)
[ info ] [ HEADER ] array (
  'cookie' => 'Hm_lvt_f8d0a8c400404989e195270b0bbf060a=1526652868; PHPSESSID=fknv6k208hv0lf5c073ba15rf4',
  'accept-language' => 'zh-CN,zh;q=0.9',
  'accept-encoding' => 'gzip, deflate, br',
  'referer' => 'http://localhost/hntravel/public/index.php/admin/category?ref=addtabs',
  'accept' => 'text/html,application/xhtml+xml,application/xml;q=0.9,image/webp,image/apng,*/*;q=0.8',
  'user-agent' => 'Mozilla/5.0 (Windows NT 6.1; Win64; x64) AppleWebKit/537.36 (KHTML, like Gecko) Chrome/66.0.3359.139 Safari/537.36',
  'upgrade-insecure-requests' => '1',
  'connection' => 'close',
  'host' => 'localhost',
)
[ info ] [ PARAM ] array (
  'addtabs' => '1',
)
[ info ] [ LANG ] D:\phpStudy\WWW\hntravel\public/../application/admin\lang\zh-cn.php
[ info ] [ BEHAVIOR ] Run app\common\behavior\Common @module_init [ RunTime:0.001000s ]
[ info ] [ SESSION ] INIT array (
  'id' => '',
  'var_session_id' => '',
  'prefix' => 'think',
  'type' => '',
  'auto_start' => true,
)
[ info ] [ DB ] INIT mysql
[ info ] [ LANG ] D:\phpStudy\WWW\hntravel\public/../application/admin/lang/zh-cn/category.php
[ info ] [ RUN ] app\admin\controller\Category->index[ D:\phpStudy\WWW\hntravel\application\admin\controller\Category.php ]
[ info ] [ VIEW ] D:\phpStudy\WWW\hntravel\public/../application/admin\view\category\index.html [ array (
  0 => 'breadcrumb',
  1 => 'site',
  2 => 'config',
  3 => 'auth',
  4 => 'admin',
  5 => 'flagList',
  6 => 'typeList',
  7 => 'parentList',
) ]
[ info ] [ BEHAVIOR ] Run app\admin\behavior\AdminLog @app_end [ RunTime:0.000000s ]
[ info ] [ LOG ] INIT File
[ sql ] [ DB ] CONNECT:[ UseTime:0.285016s ] mysql:host=localhost;dbname=hntravel;charset=utf8
[ sql ] [ SQL ] SHOW COLUMNS FROM `hn_auth_group_access` [ RunTime:1.276073s ]
[ sql ] [ SQL ] SELECT `aga`.`uid`,`aga`.`group_id`,`ag`.`id`,`ag`.`pid`,`ag`.`name`,`ag`.`rules` FROM `hn_auth_group_access` `aga` LEFT JOIN `hn_auth_group` `ag` ON `aga`.`group_id`=`ag`.`id` WHERE  (  aga.uid='1' and ag.status='normal' ) [ RunTime:0.002000s ]
[ sql ] [ SQL ] SHOW COLUMNS FROM `hn_auth_rule` [ RunTime:0.002001s ]
[ sql ] [ SQL ] SELECT `id`,`pid`,`condition`,`icon`,`name`,`title`,`ismenu` FROM `hn_auth_rule` WHERE  `status` = 'normal' [ RunTime:0.001000s ]
[ sql ] [ SQL ] SHOW COLUMNS FROM `hn_category` [ RunTime:5.631322s ]
[ sql ] [ SQL ] SELECT * FROM `hn_category` ORDER BY weigh desc,id desc [ RunTime:0.002000s ]
[ sql ] [ SQL ] SELECT `title`,`remark` FROM `hn_auth_rule` WHERE  `name` = 'category' LIMIT 1 [ RunTime:0.001000s ]
---------------------------------------------------------------
[ 2018-05-19T16:54:45+08:00 ] 0.0.0.0 GET /hntravel/public/index.php/admin/ajax/lang?callback=define&controllername=category&v=1526720072
[ info ] localhost/hntravel/public/index.php/admin/ajax/lang?callback=define&controllername=category&v=1526720072 [运行时间：0.055004s][吞吐率：18.18req/s] [内存消耗：2,643.93kb] [文件加载：72]
[ info ] [ BEHAVIOR ] Run Closure @app_init [ RunTime:0.000000s ]
[ info ] [ CACHE ] INIT File
[ info ] [ BEHAVIOR ] Run Closure @app_init [ RunTime:0.002000s ]
[ info ] [ LANG ] D:\phpStudy\WWW\hntravel\thinkphp\lang\zh-cn.php
[ info ] [ ROUTE ] array (
  'type' => 'module',
  'module' => 
  array (
    0 => 'admin',
    1 => 'ajax',
    2 => 'lang',
  ),
)
[ info ] [ HEADER ] array (
  'cookie' => 'Hm_lvt_f8d0a8c400404989e195270b0bbf060a=1526652868; PHPSESSID=fknv6k208hv0lf5c073ba15rf4',
  'accept-language' => 'zh-CN,zh;q=0.9',
  'accept-encoding' => 'gzip, deflate, br',
  'referer' => 'http://localhost/hntravel/public/index.php/admin/category?addtabs=1',
  'accept' => '*/*',
  'user-agent' => 'Mozilla/5.0 (Windows NT 6.1; Win64; x64) AppleWebKit/537.36 (KHTML, like Gecko) Chrome/66.0.3359.139 Safari/537.36',
  'connection' => 'close',
  'host' => 'localhost',
)
[ info ] [ PARAM ] array (
  'callback' => 'define',
  'controllername' => 'category',
  'v' => '1526720072',
)
[ info ] [ LANG ] D:\phpStudy\WWW\hntravel\public/../application/admin\lang\zh-cn.php
[ info ] [ BEHAVIOR ] Run app\common\behavior\Common @module_init [ RunTime:0.001000s ]
[ info ] [ SESSION ] INIT array (
  'id' => '',
  'var_session_id' => '',
  'prefix' => 'think',
  'type' => '',
  'auto_start' => true,
)
[ info ] [ LANG ] D:\phpStudy\WWW\hntravel\public/../application/admin/lang/zh-cn/ajax.php
[ info ] [ RUN ] app\admin\controller\Ajax->lang[ D:\phpStudy\WWW\hntravel\application\admin\controller\Ajax.php ]
[ info ] [ LANG ] D:\phpStudy\WWW\hntravel\public/../application/admin/lang/zh-cn/category.php
[ info ] [ BEHAVIOR ] Run app\admin\behavior\AdminLog @app_end [ RunTime:0.001001s ]
[ info ] [ LOG ] INIT File
---------------------------------------------------------------
[ 2018-05-19T16:55:01+08:00 ] 0.0.0.0 GET /hntravel/public/index.php/admin/auth/rule?addtabs=1
[ info ] localhost/hntravel/public/index.php/admin/auth/rule?addtabs=1 [运行时间：1.998114s][吞吐率：0.50req/s] [内存消耗：3,760.02kb] [文件加载：83]
[ info ] [ BEHAVIOR ] Run Closure @app_init [ RunTime:0.000000s ]
[ info ] [ CACHE ] INIT File
[ info ] [ BEHAVIOR ] Run Closure @app_init [ RunTime:0.003000s ]
[ info ] [ LANG ] D:\phpStudy\WWW\hntravel\thinkphp\lang\zh-cn.php
[ info ] [ ROUTE ] array (
  'type' => 'module',
  'module' => 
  array (
    0 => 'admin',
    1 => 'auth.rule',
    2 => NULL,
  ),
)
[ info ] [ HEADER ] array (
  'cookie' => 'Hm_lvt_f8d0a8c400404989e195270b0bbf060a=1526652868; PHPSESSID=fknv6k208hv0lf5c073ba15rf4',
  'accept-language' => 'zh-CN,zh;q=0.9',
  'accept-encoding' => 'gzip, deflate, br',
  'referer' => 'http://localhost/hntravel/public/index.php/admin/auth/rule?ref=addtabs',
  'accept' => 'text/html,application/xhtml+xml,application/xml;q=0.9,image/webp,image/apng,*/*;q=0.8',
  'user-agent' => 'Mozilla/5.0 (Windows NT 6.1; Win64; x64) AppleWebKit/537.36 (KHTML, like Gecko) Chrome/66.0.3359.139 Safari/537.36',
  'upgrade-insecure-requests' => '1',
  'connection' => 'close',
  'host' => 'localhost',
)
[ info ] [ PARAM ] array (
  'addtabs' => '1',
)
[ info ] [ LANG ] D:\phpStudy\WWW\hntravel\public/../application/admin\lang\zh-cn.php
[ info ] [ BEHAVIOR ] Run app\common\behavior\Common @module_init [ RunTime:0.000000s ]
[ info ] [ SESSION ] INIT array (
  'id' => '',
  'var_session_id' => '',
  'prefix' => 'think',
  'type' => '',
  'auto_start' => true,
)
[ info ] [ DB ] INIT mysql
[ info ] [ LANG ] D:\phpStudy\WWW\hntravel\public/../application/admin/lang/zh-cn/auth/rule.php
[ info ] [ RUN ] app\admin\controller\auth\Rule->index[ D:\phpStudy\WWW\hntravel\application\admin\controller\auth\Rule.php ]
[ info ] [ VIEW ] D:\phpStudy\WWW\hntravel\public/../application/admin\view\auth\rule\index.html [ array (
  0 => 'breadcrumb',
  1 => 'site',
  2 => 'config',
  3 => 'auth',
  4 => 'admin',
  5 => 'ruledata',
) ]
[ info ] [ BEHAVIOR ] Run app\admin\behavior\AdminLog @app_end [ RunTime:0.000000s ]
[ info ] [ LOG ] INIT File
[ sql ] [ DB ] CONNECT:[ UseTime:0.012001s ] mysql:host=localhost;dbname=hntravel;charset=utf8
[ sql ] [ SQL ] SHOW COLUMNS FROM `hn_auth_group_access` [ RunTime:0.113006s ]
[ sql ] [ SQL ] SELECT `aga`.`uid`,`aga`.`group_id`,`ag`.`id`,`ag`.`pid`,`ag`.`name`,`ag`.`rules` FROM `hn_auth_group_access` `aga` LEFT JOIN `hn_auth_group` `ag` ON `aga`.`group_id`=`ag`.`id` WHERE  (  aga.uid='1' and ag.status='normal' ) [ RunTime:0.002000s ]
[ sql ] [ SQL ] SHOW COLUMNS FROM `hn_auth_rule` [ RunTime:0.002000s ]
[ sql ] [ SQL ] SELECT `id`,`pid`,`condition`,`icon`,`name`,`title`,`ismenu` FROM `hn_auth_rule` WHERE  `status` = 'normal' [ RunTime:0.001000s ]
[ sql ] [ SQL ] SELECT * FROM `hn_auth_rule` ORDER BY `weigh`  desc [ RunTime:0.002000s ]
[ sql ] [ SQL ] SELECT `title`,`remark` FROM `hn_auth_rule` WHERE  `name` = 'auth/rule' LIMIT 1 [ RunTime:0.001000s ]
---------------------------------------------------------------
[ 2018-05-19T16:55:05+08:00 ] 0.0.0.0 GET /hntravel/public/index.php/admin/ajax/lang?callback=define&controllername=auth.rule&v=1526720100
[ info ] localhost/hntravel/public/index.php/admin/ajax/lang?callback=define&controllername=auth.rule&v=1526720100 [运行时间：0.052003s][吞吐率：19.23req/s] [内存消耗：2,644.57kb] [文件加载：72]
[ info ] [ BEHAVIOR ] Run Closure @app_init [ RunTime:0.000000s ]
[ info ] [ CACHE ] INIT File
[ info ] [ BEHAVIOR ] Run Closure @app_init [ RunTime:0.003000s ]
[ info ] [ LANG ] D:\phpStudy\WWW\hntravel\thinkphp\lang\zh-cn.php
[ info ] [ ROUTE ] array (
  'type' => 'module',
  'module' => 
  array (
    0 => 'admin',
    1 => 'ajax',
    2 => 'lang',
  ),
)
[ info ] [ HEADER ] array (
  'cookie' => 'Hm_lvt_f8d0a8c400404989e195270b0bbf060a=1526652868; PHPSESSID=fknv6k208hv0lf5c073ba15rf4',
  'accept-language' => 'zh-CN,zh;q=0.9',
  'accept-encoding' => 'gzip, deflate, br',
  'referer' => 'http://localhost/hntravel/public/index.php/admin/auth/rule?addtabs=1',
  'accept' => '*/*',
  'user-agent' => 'Mozilla/5.0 (Windows NT 6.1; Win64; x64) AppleWebKit/537.36 (KHTML, like Gecko) Chrome/66.0.3359.139 Safari/537.36',
  'connection' => 'close',
  'host' => 'localhost',
)
[ info ] [ PARAM ] array (
  'callback' => 'define',
  'controllername' => 'auth.rule',
  'v' => '1526720100',
)
[ info ] [ LANG ] D:\phpStudy\WWW\hntravel\public/../application/admin\lang\zh-cn.php
[ info ] [ BEHAVIOR ] Run app\common\behavior\Common @module_init [ RunTime:0.000000s ]
[ info ] [ SESSION ] INIT array (
  'id' => '',
  'var_session_id' => '',
  'prefix' => 'think',
  'type' => '',
  'auto_start' => true,
)
[ info ] [ LANG ] D:\phpStudy\WWW\hntravel\public/../application/admin/lang/zh-cn/ajax.php
[ info ] [ RUN ] app\admin\controller\Ajax->lang[ D:\phpStudy\WWW\hntravel\application\admin\controller\Ajax.php ]
[ info ] [ LANG ] D:\phpStudy\WWW\hntravel\public/../application/admin/lang/zh-cn/auth/rule.php
[ info ] [ BEHAVIOR ] Run app\admin\behavior\AdminLog @app_end [ RunTime:0.001000s ]
[ info ] [ LOG ] INIT File
---------------------------------------------------------------
[ 2018-05-19T16:55:06+08:00 ] 0.0.0.0 GET /hntravel/public/index.php/admin/category/index?sort=weigh&order=desc&_=1526720081679
[ info ] localhost/hntravel/public/index.php/admin/category/index?sort=weigh&order=desc&_=1526720081679 [运行时间：0.637036s][吞吐率：1.57req/s] [内存消耗：3,586.01kb] [文件加载：81]
[ info ] [ BEHAVIOR ] Run Closure @app_init [ RunTime:0.000000s ]
[ info ] [ CACHE ] INIT File
[ info ] [ BEHAVIOR ] Run Closure @app_init [ RunTime:0.003001s ]
[ info ] [ LANG ] D:\phpStudy\WWW\hntravel\thinkphp\lang\zh-cn.php
[ info ] [ ROUTE ] array (
  'type' => 'module',
  'module' => 
  array (
    0 => 'admin',
    1 => 'category',
    2 => 'index',
  ),
)
[ info ] [ HEADER ] array (
  'cookie' => 'Hm_lvt_f8d0a8c400404989e195270b0bbf060a=1526652868; PHPSESSID=fknv6k208hv0lf5c073ba15rf4',
  'accept-language' => 'zh-CN,zh;q=0.9',
  'accept-encoding' => 'gzip, deflate, br',
  'referer' => 'http://localhost/hntravel/public/index.php/admin/category?addtabs=1',
  'content-type' => 'application/json',
  'user-agent' => 'Mozilla/5.0 (Windows NT 6.1; Win64; x64) AppleWebKit/537.36 (KHTML, like Gecko) Chrome/66.0.3359.139 Safari/537.36',
  'x-requested-with' => 'XMLHttpRequest',
  'accept' => 'application/json, text/javascript, */*; q=0.01',
  'connection' => 'close',
  'host' => 'localhost',
)
[ info ] [ PARAM ] array (
  'sort' => 'weigh',
  'order' => 'desc',
  '_' => '1526720081679',
)
[ info ] [ LANG ] D:\phpStudy\WWW\hntravel\public/../application/admin\lang\zh-cn.php
[ info ] [ BEHAVIOR ] Run app\common\behavior\Common @module_init [ RunTime:0.002000s ]
[ info ] [ SESSION ] INIT array (
  'id' => '',
  'var_session_id' => '',
  'prefix' => 'think',
  'type' => '',
  'auto_start' => true,
)
[ info ] [ DB ] INIT mysql
[ info ] [ LANG ] D:\phpStudy\WWW\hntravel\public/../application/admin/lang/zh-cn/category.php
[ info ] [ RUN ] app\admin\controller\Category->index[ D:\phpStudy\WWW\hntravel\application\admin\controller\Category.php ]
[ info ] [ BEHAVIOR ] Run app\admin\behavior\AdminLog @app_end [ RunTime:0.001000s ]
[ info ] [ LOG ] INIT File
[ sql ] [ DB ] CONNECT:[ UseTime:0.213012s ] mysql:host=localhost;dbname=hntravel;charset=utf8
[ sql ] [ SQL ] SHOW COLUMNS FROM `hn_auth_group_access` [ RunTime:0.126007s ]
[ sql ] [ SQL ] SELECT `aga`.`uid`,`aga`.`group_id`,`ag`.`id`,`ag`.`pid`,`ag`.`name`,`ag`.`rules` FROM `hn_auth_group_access` `aga` LEFT JOIN `hn_auth_group` `ag` ON `aga`.`group_id`=`ag`.`id` WHERE  (  aga.uid='1' and ag.status='normal' ) [ RunTime:0.002000s ]
[ sql ] [ SQL ] SHOW COLUMNS FROM `hn_auth_rule` [ RunTime:0.046003s ]
[ sql ] [ SQL ] SELECT `id`,`pid`,`condition`,`icon`,`name`,`title`,`ismenu` FROM `hn_auth_rule` WHERE  `status` = 'normal' [ RunTime:0.001000s ]
[ sql ] [ SQL ] SHOW COLUMNS FROM `hn_category` [ RunTime:0.154009s ]
[ sql ] [ SQL ] SELECT * FROM `hn_category` ORDER BY weigh desc,id desc [ RunTime:0.001000s ]
---------------------------------------------------------------
[ 2018-05-19T16:55:14+08:00 ] 0.0.0.0 GET /hntravel/public/index.php/admin/auth/rule/index?sort=weigh&order=desc&_=1526720103163
[ info ] localhost/hntravel/public/index.php/admin/auth/rule/index?sort=weigh&order=desc&_=1526720103163 [运行时间：1.711098s][吞吐率：0.58req/s] [内存消耗：3,659.45kb] [文件加载：81]
[ info ] [ BEHAVIOR ] Run Closure @app_init [ RunTime:0.000000s ]
[ info ] [ CACHE ] INIT File
[ info ] [ BEHAVIOR ] Run Closure @app_init [ RunTime:0.003000s ]
[ info ] [ LANG ] D:\phpStudy\WWW\hntravel\thinkphp\lang\zh-cn.php
[ info ] [ ROUTE ] array (
  'type' => 'module',
  'module' => 
  array (
    0 => 'admin',
    1 => 'auth.rule',
    2 => 'index',
  ),
)
[ info ] [ HEADER ] array (
  'cookie' => 'Hm_lvt_f8d0a8c400404989e195270b0bbf060a=1526652868; PHPSESSID=fknv6k208hv0lf5c073ba15rf4',
  'accept-language' => 'zh-CN,zh;q=0.9',
  'accept-encoding' => 'gzip, deflate, br',
  'referer' => 'http://localhost/hntravel/public/index.php/admin/auth/rule?addtabs=1',
  'content-type' => 'application/json',
  'user-agent' => 'Mozilla/5.0 (Windows NT 6.1; Win64; x64) AppleWebKit/537.36 (KHTML, like Gecko) Chrome/66.0.3359.139 Safari/537.36',
  'x-requested-with' => 'XMLHttpRequest',
  'accept' => 'application/json, text/javascript, */*; q=0.01',
  'connection' => 'close',
  'host' => 'localhost',
)
[ info ] [ PARAM ] array (
  'sort' => 'weigh',
  'order' => 'desc',
  '_' => '1526720103163',
)
[ info ] [ LANG ] D:\phpStudy\WWW\hntravel\public/../application/admin\lang\zh-cn.php
[ info ] [ BEHAVIOR ] Run app\common\behavior\Common @module_init [ RunTime:0.001000s ]
[ info ] [ SESSION ] INIT array (
  'id' => '',
  'var_session_id' => '',
  'prefix' => 'think',
  'type' => '',
  'auto_start' => true,
)
[ info ] [ DB ] INIT mysql
[ info ] [ LANG ] D:\phpStudy\WWW\hntravel\public/../application/admin/lang/zh-cn/auth/rule.php
[ info ] [ RUN ] app\admin\controller\auth\Rule->index[ D:\phpStudy\WWW\hntravel\application\admin\controller\auth\Rule.php ]
[ info ] [ BEHAVIOR ] Run app\admin\behavior\AdminLog @app_end [ RunTime:0.001000s ]
[ info ] [ LOG ] INIT File
[ sql ] [ DB ] CONNECT:[ UseTime:0.012001s ] mysql:host=localhost;dbname=hntravel;charset=utf8
[ sql ] [ SQL ] SHOW COLUMNS FROM `hn_auth_group_access` [ RunTime:0.161009s ]
[ sql ] [ SQL ] SELECT `aga`.`uid`,`aga`.`group_id`,`ag`.`id`,`ag`.`pid`,`ag`.`name`,`ag`.`rules` FROM `hn_auth_group_access` `aga` LEFT JOIN `hn_auth_group` `ag` ON `aga`.`group_id`=`ag`.`id` WHERE  (  aga.uid='1' and ag.status='normal' ) [ RunTime:0.001000s ]
[ sql ] [ SQL ] SHOW COLUMNS FROM `hn_auth_rule` [ RunTime:0.002000s ]
[ sql ] [ SQL ] SELECT `id`,`pid`,`condition`,`icon`,`name`,`title`,`ismenu` FROM `hn_auth_rule` WHERE  `status` = 'normal' [ RunTime:0.001000s ]
[ sql ] [ SQL ] SELECT * FROM `hn_auth_rule` ORDER BY `weigh`  desc [ RunTime:1.438082s ]
---------------------------------------------------------------
[ 2018-05-19T16:57:34+08:00 ] 0.0.0.0 GET /hntravel/public/assets/css/fastadmin.min.css.map
[ info ] localhost/hntravel/public/assets/css/fastadmin.min.css.map [运行时间：0.037002s][吞吐率：27.03req/s] [内存消耗：1,701.04kb] [文件加载：53]
[ info ] [ BEHAVIOR ] Run Closure @app_init [ RunTime:0.000000s ]
[ info ] [ CACHE ] INIT File
[ info ] [ BEHAVIOR ] Run Closure @app_init [ RunTime:0.003001s ]
[ info ] [ LANG ] D:\phpStudy\WWW\hntravel\thinkphp\lang\zh-cn.php
[ info ] [ ROUTE ] array (
  'type' => 'module',
  'module' => 
  array (
    0 => 'assets',
    1 => 'css',
    2 => 'fastadmin.min.css.map',
  ),
)
[ info ] [ HEADER ] array (
  'cookie' => 'Hm_lvt_f8d0a8c400404989e195270b0bbf060a=1526652868; PHPSESSID=fknv6k208hv0lf5c073ba15rf4',
  'accept-language' => 'zh-CN,zh;q=0.9',
  'accept-encoding' => 'gzip, deflate, br',
  'user-agent' => 'Mozilla/5.0 (Windows NT 6.1; Win64; x64) AppleWebKit/537.36 (KHTML, like Gecko) Chrome/66.0.3359.139 Safari/537.36',
  'connection' => 'close',
  'host' => 'localhost',
)
[ info ] [ PARAM ] array (
)
[ info ] [ LOG ] INIT File
---------------------------------------------------------------
[ 2018-05-19T16:57:34+08:00 ] 0.0.0.0 GET /hntravel/public/assets/css/bootstrap.min.css.map
[ info ] localhost/hntravel/public/assets/css/bootstrap.min.css.map [运行时间：0.059003s][吞吐率：16.95req/s] [内存消耗：1,701.04kb] [文件加载：53]
[ info ] [ BEHAVIOR ] Run Closure @app_init [ RunTime:0.000000s ]
[ info ] [ CACHE ] INIT File
[ info ] [ BEHAVIOR ] Run Closure @app_init [ RunTime:0.005001s ]
[ info ] [ LANG ] D:\phpStudy\WWW\hntravel\thinkphp\lang\zh-cn.php
[ info ] [ ROUTE ] array (
  'type' => 'module',
  'module' => 
  array (
    0 => 'assets',
    1 => 'css',
    2 => 'bootstrap.min.css.map',
  ),
)
[ info ] [ HEADER ] array (
  'cookie' => 'Hm_lvt_f8d0a8c400404989e195270b0bbf060a=1526652868; PHPSESSID=fknv6k208hv0lf5c073ba15rf4',
  'accept-language' => 'zh-CN,zh;q=0.9',
  'accept-encoding' => 'gzip, deflate, br',
  'user-agent' => 'Mozilla/5.0 (Windows NT 6.1; Win64; x64) AppleWebKit/537.36 (KHTML, like Gecko) Chrome/66.0.3359.139 Safari/537.36',
  'connection' => 'close',
  'host' => 'localhost',
)
[ info ] [ PARAM ] array (
)
[ info ] [ LOG ] INIT File
---------------------------------------------------------------
[ 2018-05-19T16:57:35+08:00 ] 0.0.0.0 GET /hntravel/public/assets/css/backend.css.map
[ info ] localhost/hntravel/public/assets/css/backend.css.map [运行时间：0.035002s][吞吐率：28.57req/s] [内存消耗：1,701.03kb] [文件加载：53]
[ info ] [ BEHAVIOR ] Run Closure @app_init [ RunTime:0.000000s ]
[ info ] [ CACHE ] INIT File
[ info ] [ BEHAVIOR ] Run Closure @app_init [ RunTime:0.002000s ]
[ info ] [ LANG ] D:\phpStudy\WWW\hntravel\thinkphp\lang\zh-cn.php
[ info ] [ ROUTE ] array (
  'type' => 'module',
  'module' => 
  array (
    0 => 'assets',
    1 => 'css',
    2 => 'backend.css.map',
  ),
)
[ info ] [ HEADER ] array (
  'cookie' => 'Hm_lvt_f8d0a8c400404989e195270b0bbf060a=1526652868; PHPSESSID=fknv6k208hv0lf5c073ba15rf4',
  'accept-language' => 'zh-CN,zh;q=0.9',
  'accept-encoding' => 'gzip, deflate, br',
  'user-agent' => 'Mozilla/5.0 (Windows NT 6.1; Win64; x64) AppleWebKit/537.36 (KHTML, like Gecko) Chrome/66.0.3359.139 Safari/537.36',
  'connection' => 'close',
  'host' => 'localhost',
)
[ info ] [ PARAM ] array (
)
[ info ] [ LOG ] INIT File
---------------------------------------------------------------
[ 2018-05-19T16:57:35+08:00 ] 0.0.0.0 GET /hntravel/public/assets/css/skins/skin-green.css.map
[ info ] localhost/hntravel/public/assets/css/skins/skin-green.css.map [运行时间：0.035002s][吞吐率：28.57req/s] [内存消耗：1,701.02kb] [文件加载：53]
[ info ] [ BEHAVIOR ] Run Closure @app_init [ RunTime:0.000000s ]
[ info ] [ CACHE ] INIT File
[ info ] [ BEHAVIOR ] Run Closure @app_init [ RunTime:0.003001s ]
[ info ] [ LANG ] D:\phpStudy\WWW\hntravel\thinkphp\lang\zh-cn.php
[ info ] [ ROUTE ] array (
  'type' => 'module',
  'module' => 
  array (
    0 => 'assets',
    1 => 'css',
    2 => 'skins',
  ),
)
[ info ] [ HEADER ] array (
  'cookie' => 'Hm_lvt_f8d0a8c400404989e195270b0bbf060a=1526652868; PHPSESSID=fknv6k208hv0lf5c073ba15rf4',
  'accept-language' => 'zh-CN,zh;q=0.9',
  'accept-encoding' => 'gzip, deflate, br',
  'user-agent' => 'Mozilla/5.0 (Windows NT 6.1; Win64; x64) AppleWebKit/537.36 (KHTML, like Gecko) Chrome/66.0.3359.139 Safari/537.36',
  'connection' => 'close',
  'host' => 'localhost',
)
[ info ] [ PARAM ] array (
)
[ info ] [ LOG ] INIT File
---------------------------------------------------------------
[ 2018-05-19T17:03:11+08:00 ] 0.0.0.0 GET /hntravel/public/index.php/admin/addon?addtabs=1
[ info ] localhost/hntravel/public/index.php/admin/addon?addtabs=1 [运行时间：0.309017s][吞吐率：3.24req/s] [内存消耗：3,650.55kb] [文件加载：80]
[ info ] [ BEHAVIOR ] Run Closure @app_init [ RunTime:0.001001s ]
[ info ] [ CACHE ] INIT File
[ info ] [ BEHAVIOR ] Run Closure @app_init [ RunTime:0.003000s ]
[ info ] [ LANG ] D:\phpStudy\WWW\hntravel\thinkphp\lang\zh-cn.php
[ info ] [ ROUTE ] array (
  'type' => 'module',
  'module' => 
  array (
    0 => 'admin',
    1 => 'addon',
    2 => NULL,
  ),
)
[ info ] [ HEADER ] array (
  'cookie' => 'Hm_lvt_f8d0a8c400404989e195270b0bbf060a=1526652868; PHPSESSID=fknv6k208hv0lf5c073ba15rf4',
  'accept-language' => 'zh-CN,zh;q=0.9',
  'accept-encoding' => 'gzip, deflate, br',
  'referer' => 'http://localhost/hntravel/public/index.php/admin/addon?ref=addtabs',
  'accept' => 'text/html,application/xhtml+xml,application/xml;q=0.9,image/webp,image/apng,*/*;q=0.8',
  'user-agent' => 'Mozilla/5.0 (Windows NT 6.1; Win64; x64) AppleWebKit/537.36 (KHTML, like Gecko) Chrome/66.0.3359.139 Safari/537.36',
  'upgrade-insecure-requests' => '1',
  'connection' => 'close',
  'host' => 'localhost',
)
[ info ] [ PARAM ] array (
  'addtabs' => '1',
)
[ info ] [ LANG ] D:\phpStudy\WWW\hntravel\public/../application/admin\lang\zh-cn.php
[ info ] [ BEHAVIOR ] Run app\common\behavior\Common @module_init [ RunTime:0.001000s ]
[ info ] [ SESSION ] INIT array (
  'id' => '',
  'var_session_id' => '',
  'prefix' => 'think',
  'type' => '',
  'auto_start' => true,
)
[ info ] [ DB ] INIT mysql
[ info ] [ LANG ] D:\phpStudy\WWW\hntravel\public/../application/admin/lang/zh-cn/addon.php
[ info ] [ RUN ] app\admin\controller\Addon->index[ D:\phpStudy\WWW\hntravel\application\admin\controller\Addon.php ]
[ info ] [ VIEW ] D:\phpStudy\WWW\hntravel\public/../application/admin\view\addon\index.html [ array (
  0 => 'breadcrumb',
  1 => 'site',
  2 => 'config',
  3 => 'auth',
  4 => 'admin',
) ]
[ info ] [ BEHAVIOR ] Run app\admin\behavior\AdminLog @app_end [ RunTime:0.001000s ]
[ info ] [ LOG ] INIT File
[ sql ] [ DB ] CONNECT:[ UseTime:0.062004s ] mysql:host=localhost;dbname=hntravel;charset=utf8
[ sql ] [ SQL ] SHOW COLUMNS FROM `hn_auth_group_access` [ RunTime:0.015000s ]
[ sql ] [ SQL ] SELECT `aga`.`uid`,`aga`.`group_id`,`ag`.`id`,`ag`.`pid`,`ag`.`name`,`ag`.`rules` FROM `hn_auth_group_access` `aga` LEFT JOIN `hn_auth_group` `ag` ON `aga`.`group_id`=`ag`.`id` WHERE  (  aga.uid='1' and ag.status='normal' ) [ RunTime:0.022002s ]
[ sql ] [ SQL ] SHOW COLUMNS FROM `hn_auth_rule` [ RunTime:0.002000s ]
[ sql ] [ SQL ] SELECT `id`,`pid`,`condition`,`icon`,`name`,`title`,`ismenu` FROM `hn_auth_rule` WHERE  `status` = 'normal' [ RunTime:0.010000s ]
[ sql ] [ SQL ] SELECT `title`,`remark` FROM `hn_auth_rule` WHERE  `name` = 'addon' LIMIT 1 [ RunTime:0.001000s ]
---------------------------------------------------------------
[ 2018-05-19T17:03:12+08:00 ] 0.0.0.0 GET /hntravel/public/assets/css/backend.css.map
[ info ] localhost/hntravel/public/assets/css/backend.css.map [运行时间：0.056003s][吞吐率：17.86req/s] [内存消耗：1,701.03kb] [文件加载：53]
[ info ] [ BEHAVIOR ] Run Closure @app_init [ RunTime:0.000000s ]
[ info ] [ CACHE ] INIT File
[ info ] [ BEHAVIOR ] Run Closure @app_init [ RunTime:0.004000s ]
[ info ] [ LANG ] D:\phpStudy\WWW\hntravel\thinkphp\lang\zh-cn.php
[ info ] [ ROUTE ] array (
  'type' => 'module',
  'module' => 
  array (
    0 => 'assets',
    1 => 'css',
    2 => 'backend.css.map',
  ),
)
[ info ] [ HEADER ] array (
  'cookie' => 'Hm_lvt_f8d0a8c400404989e195270b0bbf060a=1526652868; PHPSESSID=fknv6k208hv0lf5c073ba15rf4',
  'accept-language' => 'zh-CN,zh;q=0.9',
  'accept-encoding' => 'gzip, deflate, br',
  'user-agent' => 'Mozilla/5.0 (Windows NT 6.1; Win64; x64) AppleWebKit/537.36 (KHTML, like Gecko) Chrome/66.0.3359.139 Safari/537.36',
  'connection' => 'close',
  'host' => 'localhost',
)
[ info ] [ PARAM ] array (
)
[ info ] [ LOG ] INIT File
---------------------------------------------------------------
[ 2018-05-19T17:03:12+08:00 ] 0.0.0.0 GET /hntravel/public/index.php/admin/ajax/lang?callback=define&controllername=addon&v=1526720591
[ info ] localhost/hntravel/public/index.php/admin/ajax/lang?callback=define&controllername=addon&v=1526720591 [运行时间：0.057004s][吞吐率：17.54req/s] [内存消耗：2,648.38kb] [文件加载：72]
[ info ] [ BEHAVIOR ] Run Closure @app_init [ RunTime:0.000000s ]
[ info ] [ CACHE ] INIT File
[ info ] [ BEHAVIOR ] Run Closure @app_init [ RunTime:0.005000s ]
[ info ] [ LANG ] D:\phpStudy\WWW\hntravel\thinkphp\lang\zh-cn.php
[ info ] [ ROUTE ] array (
  'type' => 'module',
  'module' => 
  array (
    0 => 'admin',
    1 => 'ajax',
    2 => 'lang',
  ),
)
[ info ] [ HEADER ] array (
  'cookie' => 'Hm_lvt_f8d0a8c400404989e195270b0bbf060a=1526652868; PHPSESSID=fknv6k208hv0lf5c073ba15rf4',
  'accept-language' => 'zh-CN,zh;q=0.9',
  'accept-encoding' => 'gzip, deflate, br',
  'referer' => 'http://localhost/hntravel/public/index.php/admin/addon?addtabs=1',
  'accept' => '*/*',
  'user-agent' => 'Mozilla/5.0 (Windows NT 6.1; Win64; x64) AppleWebKit/537.36 (KHTML, like Gecko) Chrome/66.0.3359.139 Safari/537.36',
  'connection' => 'close',
  'host' => 'localhost',
)
[ info ] [ PARAM ] array (
  'callback' => 'define',
  'controllername' => 'addon',
  'v' => '1526720591',
)
[ info ] [ LANG ] D:\phpStudy\WWW\hntravel\public/../application/admin\lang\zh-cn.php
[ info ] [ BEHAVIOR ] Run app\common\behavior\Common @module_init [ RunTime:0.001000s ]
[ info ] [ SESSION ] INIT array (
  'id' => '',
  'var_session_id' => '',
  'prefix' => 'think',
  'type' => '',
  'auto_start' => true,
)
[ info ] [ LANG ] D:\phpStudy\WWW\hntravel\public/../application/admin/lang/zh-cn/ajax.php
[ info ] [ RUN ] app\admin\controller\Ajax->lang[ D:\phpStudy\WWW\hntravel\application\admin\controller\Ajax.php ]
[ info ] [ LANG ] D:\phpStudy\WWW\hntravel\public/../application/admin/lang/zh-cn/addon.php
[ info ] [ BEHAVIOR ] Run app\admin\behavior\AdminLog @app_end [ RunTime:0.000000s ]
[ info ] [ LOG ] INIT File
---------------------------------------------------------------
[ 2018-05-19T17:03:13+08:00 ] 0.0.0.0 GET /hntravel/public/assets/css/bootstrap.min.css.map
[ info ] localhost/hntravel/public/assets/css/bootstrap.min.css.map [运行时间：0.050003s][吞吐率：20.00req/s] [内存消耗：1,701.04kb] [文件加载：53]
[ info ] [ BEHAVIOR ] Run Closure @app_init [ RunTime:0.000000s ]
[ info ] [ CACHE ] INIT File
[ info ] [ BEHAVIOR ] Run Closure @app_init [ RunTime:0.003000s ]
[ info ] [ LANG ] D:\phpStudy\WWW\hntravel\thinkphp\lang\zh-cn.php
[ info ] [ ROUTE ] array (
  'type' => 'module',
  'module' => 
  array (
    0 => 'assets',
    1 => 'css',
    2 => 'bootstrap.min.css.map',
  ),
)
[ info ] [ HEADER ] array (
  'cookie' => 'Hm_lvt_f8d0a8c400404989e195270b0bbf060a=1526652868; PHPSESSID=fknv6k208hv0lf5c073ba15rf4',
  'accept-language' => 'zh-CN,zh;q=0.9',
  'accept-encoding' => 'gzip, deflate, br',
  'user-agent' => 'Mozilla/5.0 (Windows NT 6.1; Win64; x64) AppleWebKit/537.36 (KHTML, like Gecko) Chrome/66.0.3359.139 Safari/537.36',
  'connection' => 'close',
  'host' => 'localhost',
)
[ info ] [ PARAM ] array (
)
[ info ] [ LOG ] INIT File
---------------------------------------------------------------
[ 2018-05-19T17:03:13+08:00 ] 0.0.0.0 GET /hntravel/public/assets/css/skins/skin-green.css.map
[ info ] localhost/hntravel/public/assets/css/skins/skin-green.css.map [运行时间：0.040002s][吞吐率：25.00req/s] [内存消耗：1,701.02kb] [文件加载：53]
[ info ] [ BEHAVIOR ] Run Closure @app_init [ RunTime:0.000000s ]
[ info ] [ CACHE ] INIT File
[ info ] [ BEHAVIOR ] Run Closure @app_init [ RunTime:0.003000s ]
[ info ] [ LANG ] D:\phpStudy\WWW\hntravel\thinkphp\lang\zh-cn.php
[ info ] [ ROUTE ] array (
  'type' => 'module',
  'module' => 
  array (
    0 => 'assets',
    1 => 'css',
    2 => 'skins',
  ),
)
[ info ] [ HEADER ] array (
  'cookie' => 'Hm_lvt_f8d0a8c400404989e195270b0bbf060a=1526652868; PHPSESSID=fknv6k208hv0lf5c073ba15rf4',
  'accept-language' => 'zh-CN,zh;q=0.9',
  'accept-encoding' => 'gzip, deflate, br',
  'user-agent' => 'Mozilla/5.0 (Windows NT 6.1; Win64; x64) AppleWebKit/537.36 (KHTML, like Gecko) Chrome/66.0.3359.139 Safari/537.36',
  'connection' => 'close',
  'host' => 'localhost',
)
[ info ] [ PARAM ] array (
)
[ info ] [ LOG ] INIT File
---------------------------------------------------------------
[ 2018-05-19T17:03:33+08:00 ] 0.0.0.0 POST /hntravel/public/index.php/admin/addon/install
[ info ] localhost/hntravel/public/index.php/admin/addon/install [运行时间：9.549546s][吞吐率：0.10req/s] [内存消耗：3,750.39kb] [文件加载：88]
[ info ] [ BEHAVIOR ] Run Closure @app_init [ RunTime:0.000000s ]
[ info ] [ CACHE ] INIT File
[ info ] [ BEHAVIOR ] Run Closure @app_init [ RunTime:0.006001s ]
[ info ] [ LANG ] D:\phpStudy\WWW\hntravel\thinkphp\lang\zh-cn.php
[ info ] [ ROUTE ] array (
  'type' => 'module',
  'module' => 
  array (
    0 => 'admin',
    1 => 'addon',
    2 => 'install',
  ),
)
[ info ] [ HEADER ] array (
  'cookie' => 'Hm_lvt_f8d0a8c400404989e195270b0bbf060a=1526652868; PHPSESSID=fknv6k208hv0lf5c073ba15rf4',
  'accept-language' => 'zh-CN,zh;q=0.9',
  'accept-encoding' => 'gzip, deflate, br',
  'referer' => 'http://localhost/hntravel/public/index.php/admin/addon?addtabs=1',
  'content-type' => 'application/x-www-form-urlencoded; charset=UTF-8',
  'user-agent' => 'Mozilla/5.0 (Windows NT 6.1; Win64; x64) AppleWebKit/537.36 (KHTML, like Gecko) Chrome/66.0.3359.139 Safari/537.36',
  'x-requested-with' => 'XMLHttpRequest',
  'origin' => 'http://localhost',
  'accept' => 'application/json, text/javascript, */*; q=0.01',
  'content-length' => '33',
  'connection' => 'close',
  'host' => 'localhost',
)
[ info ] [ PARAM ] array (
  'name' => 'example',
  'force' => '0',
  'uid' => '0',
  'token' => '',
)
[ info ] [ LANG ] D:\phpStudy\WWW\hntravel\public/../application/admin\lang\zh-cn.php
[ info ] [ BEHAVIOR ] Run app\common\behavior\Common @module_init [ RunTime:0.001000s ]
[ info ] [ SESSION ] INIT array (
  'id' => '',
  'var_session_id' => '',
  'prefix' => 'think',
  'type' => '',
  'auto_start' => true,
)
[ info ] [ DB ] INIT mysql
[ info ] [ LANG ] D:\phpStudy\WWW\hntravel\public/../application/admin/lang/zh-cn/addon.php
[ info ] [ RUN ] app\admin\controller\Addon->install[ D:\phpStudy\WWW\hntravel\application\admin\controller\Addon.php ]
[ info ] [ BEHAVIOR ] Run app\admin\behavior\AdminLog @app_end [ RunTime:0.797046s ]
[ info ] [ LOG ] INIT File
[ sql ] [ DB ] CONNECT:[ UseTime:0.041003s ] mysql:host=localhost;dbname=hntravel;charset=utf8
[ sql ] [ SQL ] SHOW COLUMNS FROM `hn_auth_group_access` [ RunTime:0.017001s ]
[ sql ] [ SQL ] SELECT `aga`.`uid`,`aga`.`group_id`,`ag`.`id`,`ag`.`pid`,`ag`.`name`,`ag`.`rules` FROM `hn_auth_group_access` `aga` LEFT JOIN `hn_auth_group` `ag` ON `aga`.`group_id`=`ag`.`id` WHERE  (  aga.uid='1' and ag.status='normal' ) [ RunTime:0.012000s ]
[ sql ] [ SQL ] SHOW COLUMNS FROM `hn_auth_rule` [ RunTime:0.021001s ]
[ sql ] [ SQL ] SELECT `id`,`pid`,`condition`,`icon`,`name`,`title`,`ismenu` FROM `hn_auth_rule` WHERE  `status` = 'normal' [ RunTime:0.001000s ]
[ sql ] [ SQL ] INSERT INTO `hn_auth_rule` (`name` , `title` , `icon` , `ismenu` , `pid` , `status` , `createtime` , `updatetime`) VALUES ('example' , '开发示例管理' , 'fa fa-magic' , 1 , 0 , 'normal' , 1526720606 , 1526720606) [ RunTime:0.236013s ]
[ sql ] [ SQL ] INSERT INTO `hn_auth_rule` (`name` , `title` , `icon` , `ismenu` , `pid` , `status` , `createtime` , `updatetime`) VALUES ('example/bootstraptable' , '表格完整示例' , 'fa fa-table' , 1 , 85 , 'normal' , 1526720606 , 1526720606) [ RunTime:0.039002s ]
[ sql ] [ SQL ] INSERT INTO `hn_auth_rule` (`name` , `title` , `ismenu` , `icon` , `pid` , `status` , `createtime` , `updatetime`) VALUES ('example/bootstraptable/index' , '查看' , 0 , 'fa fa-circle-o' , 86 , 'normal' , 1526720606 , 1526720606) [ RunTime:0.191011s ]
[ sql ] [ SQL ] INSERT INTO `hn_auth_rule` (`name` , `title` , `ismenu` , `icon` , `pid` , `status` , `createtime` , `updatetime`) VALUES ('example/bootstraptable/detail' , '详情' , 0 , 'fa fa-circle-o' , 86 , 'normal' , 1526720606 , 1526720606) [ RunTime:0.185011s ]
[ sql ] [ SQL ] INSERT INTO `hn_auth_rule` (`name` , `title` , `ismenu` , `icon` , `pid` , `status` , `createtime` , `updatetime`) VALUES ('example/bootstraptable/change' , '变更' , 0 , 'fa fa-circle-o' , 86 , 'normal' , 1526720606 , 1526720606) [ RunTime:0.110006s ]
[ sql ] [ SQL ] INSERT INTO `hn_auth_rule` (`name` , `title` , `ismenu` , `icon` , `pid` , `status` , `createtime` , `updatetime`) VALUES ('example/bootstraptable/del' , '删除' , 0 , 'fa fa-circle-o' , 86 , 'normal' , 1526720607 , 1526720607) [ RunTime:0.088005s ]
[ sql ] [ SQL ] INSERT INTO `hn_auth_rule` (`name` , `title` , `ismenu` , `icon` , `pid` , `status` , `createtime` , `updatetime`) VALUES ('example/bootstraptable/multi' , '批量更新' , 0 , 'fa fa-circle-o' , 86 , 'normal' , 1526720607 , 1526720607) [ RunTime:0.099005s ]
[ sql ] [ SQL ] INSERT INTO `hn_auth_rule` (`name` , `title` , `icon` , `ismenu` , `pid` , `status` , `createtime` , `updatetime`) VALUES ('example/customsearch' , '自定义搜索' , 'fa fa-table' , 1 , 85 , 'normal' , 1526720607 , 1526720607) [ RunTime:0.070004s ]
[ sql ] [ SQL ] INSERT INTO `hn_auth_rule` (`name` , `title` , `ismenu` , `icon` , `pid` , `status` , `createtime` , `updatetime`) VALUES ('example/customsearch/index' , '查看' , 0 , 'fa fa-circle-o' , 92 , 'normal' , 1526720607 , 1526720607) [ RunTime:0.028002s ]
[ sql ] [ SQL ] INSERT INTO `hn_auth_rule` (`name` , `title` , `ismenu` , `icon` , `pid` , `status` , `createtime` , `updatetime`) VALUES ('example/customsearch/del' , '删除' , 0 , 'fa fa-circle-o' , 92 , 'normal' , 1526720607 , 1526720607) [ RunTime:0.066004s ]
[ sql ] [ SQL ] INSERT INTO `hn_auth_rule` (`name` , `title` , `ismenu` , `icon` , `pid` , `status` , `createtime` , `updatetime`) VALUES ('example/customsearch/multi' , '批量更新' , 0 , 'fa fa-circle-o' , 92 , 'normal' , 1526720607 , 1526720607) [ RunTime:0.067004s ]
[ sql ] [ SQL ] INSERT INTO `hn_auth_rule` (`name` , `title` , `icon` , `ismenu` , `pid` , `status` , `createtime` , `updatetime`) VALUES ('example/colorbadge' , '彩色角标' , 'fa fa-table' , 1 , 85 , 'normal' , 1526720607 , 1526720607) [ RunTime:0.055003s ]
[ sql ] [ SQL ] INSERT INTO `hn_auth_rule` (`name` , `title` , `ismenu` , `icon` , `pid` , `status` , `createtime` , `updatetime`) VALUES ('example/colorbadge/index' , '查看' , 0 , 'fa fa-circle-o' , 96 , 'normal' , 1526720607 , 1526720607) [ RunTime:0.099005s ]
[ sql ] [ SQL ] INSERT INTO `hn_auth_rule` (`name` , `title` , `ismenu` , `icon` , `pid` , `status` , `createtime` , `updatetime`) VALUES ('example/colorbadge/del' , '删除' , 0 , 'fa fa-circle-o' , 96 , 'normal' , 1526720607 , 1526720607) [ RunTime:0.110007s ]
[ sql ] [ SQL ] INSERT INTO `hn_auth_rule` (`name` , `title` , `ismenu` , `icon` , `pid` , `status` , `createtime` , `updatetime`) VALUES ('example/colorbadge/multi' , '批量更新' , 0 , 'fa fa-circle-o' , 96 , 'normal' , 1526720607 , 1526720607) [ RunTime:0.099006s ]
[ sql ] [ SQL ] INSERT INTO `hn_auth_rule` (`name` , `title` , `icon` , `ismenu` , `pid` , `status` , `createtime` , `updatetime`) VALUES ('example/controllerjump' , '控制器间跳转' , 'fa fa-table' , 1 , 85 , 'normal' , 1526720607 , 1526720607) [ RunTime:0.144008s ]
[ sql ] [ SQL ] INSERT INTO `hn_auth_rule` (`name` , `title` , `ismenu` , `icon` , `pid` , `status` , `createtime` , `updatetime`) VALUES ('example/controllerjump/index' , '查看' , 0 , 'fa fa-circle-o' , 100 , 'normal' , 1526720607 , 1526720607) [ RunTime:0.054003s ]
[ sql ] [ SQL ] INSERT INTO `hn_auth_rule` (`name` , `title` , `ismenu` , `icon` , `pid` , `status` , `createtime` , `updatetime`) VALUES ('example/controllerjump/del' , '删除' , 0 , 'fa fa-circle-o' , 100 , 'normal' , 1526720608 , 1526720608) [ RunTime:0.099006s ]
[ sql ] [ SQL ] INSERT INTO `hn_auth_rule` (`name` , `title` , `ismenu` , `icon` , `pid` , `status` , `createtime` , `updatetime`) VALUES ('example/controllerjump/multi' , '批量更新' , 0 , 'fa fa-circle-o' , 100 , 'normal' , 1526720608 , 1526720608) [ RunTime:0.066004s ]
[ sql ] [ SQL ] INSERT INTO `hn_auth_rule` (`name` , `title` , `icon` , `ismenu` , `pid` , `status` , `createtime` , `updatetime`) VALUES ('example/cxselect' , '多级联动' , 'fa fa-table' , 1 , 85 , 'normal' , 1526720608 , 1526720608) [ RunTime:0.077004s ]
[ sql ] [ SQL ] INSERT INTO `hn_auth_rule` (`name` , `title` , `ismenu` , `icon` , `pid` , `status` , `createtime` , `updatetime`) VALUES ('example/cxselect/index' , '查看' , 0 , 'fa fa-circle-o' , 104 , 'normal' , 1526720608 , 1526720608) [ RunTime:0.032002s ]
[ sql ] [ SQL ] INSERT INTO `hn_auth_rule` (`name` , `title` , `ismenu` , `icon` , `pid` , `status` , `createtime` , `updatetime`) VALUES ('example/cxselect/del' , '删除' , 0 , 'fa fa-circle-o' , 104 , 'normal' , 1526720608 , 1526720608) [ RunTime:0.078004s ]
[ sql ] [ SQL ] INSERT INTO `hn_auth_rule` (`name` , `title` , `ismenu` , `icon` , `pid` , `status` , `createtime` , `updatetime`) VALUES ('example/cxselect/multi' , '批量更新' , 0 , 'fa fa-circle-o' , 104 , 'normal' , 1526720608 , 1526720608) [ RunTime:0.037002s ]
[ sql ] [ SQL ] INSERT INTO `hn_auth_rule` (`name` , `title` , `icon` , `ismenu` , `pid` , `status` , `createtime` , `updatetime`) VALUES ('example/multitable' , '多表格示例' , 'fa fa-table' , 1 , 85 , 'normal' , 1526720608 , 1526720608) [ RunTime:0.062004s ]
[ sql ] [ SQL ] INSERT INTO `hn_auth_rule` (`name` , `title` , `ismenu` , `icon` , `pid` , `status` , `createtime` , `updatetime`) VALUES ('example/multitable/index' , '查看' , 0 , 'fa fa-circle-o' , 108 , 'normal' , 1526720608 , 1526720608) [ RunTime:0.033002s ]
[ sql ] [ SQL ] INSERT INTO `hn_auth_rule` (`name` , `title` , `ismenu` , `icon` , `pid` , `status` , `createtime` , `updatetime`) VALUES ('example/multitable/del' , '删除' , 0 , 'fa fa-circle-o' , 108 , 'normal' , 1526720608 , 1526720608) [ RunTime:0.032002s ]
[ sql ] [ SQL ] INSERT INTO `hn_auth_rule` (`name` , `title` , `ismenu` , `icon` , `pid` , `status` , `createtime` , `updatetime`) VALUES ('example/multitable/multi' , '批量更新' , 0 , 'fa fa-circle-o' , 108 , 'normal' , 1526720608 , 1526720608) [ RunTime:0.033002s ]
[ sql ] [ SQL ] INSERT INTO `hn_auth_rule` (`name` , `title` , `icon` , `ismenu` , `pid` , `status` , `createtime` , `updatetime`) VALUES ('example/relationmodel' , '关联模型示例' , 'fa fa-table' , 1 , 85 , 'normal' , 1526720608 , 1526720608) [ RunTime:0.164009s ]
[ sql ] [ SQL ] INSERT INTO `hn_auth_rule` (`name` , `title` , `ismenu` , `icon` , `pid` , `status` , `createtime` , `updatetime`) VALUES ('example/relationmodel/index' , '查看' , 0 , 'fa fa-circle-o' , 112 , 'normal' , 1526720608 , 1526720608) [ RunTime:0.036002s ]
[ sql ] [ SQL ] INSERT INTO `hn_auth_rule` (`name` , `title` , `ismenu` , `icon` , `pid` , `status` , `createtime` , `updatetime`) VALUES ('example/relationmodel/del' , '删除' , 0 , 'fa fa-circle-o' , 112 , 'normal' , 1526720608 , 1526720608) [ RunTime:0.033002s ]
[ sql ] [ SQL ] INSERT INTO `hn_auth_rule` (`name` , `title` , `ismenu` , `icon` , `pid` , `status` , `createtime` , `updatetime`) VALUES ('example/relationmodel/multi' , '批量更新' , 0 , 'fa fa-circle-o' , 112 , 'normal' , 1526720608 , 1526720608) [ RunTime:0.032002s ]
[ sql ] [ SQL ] INSERT INTO `hn_auth_rule` (`name` , `title` , `icon` , `ismenu` , `pid` , `status` , `createtime` , `updatetime`) VALUES ('example/tabletemplate' , '表格模板示例' , 'fa fa-table' , 1 , 85 , 'normal' , 1526720608 , 1526720608) [ RunTime:0.037002s ]
[ sql ] [ SQL ] INSERT INTO `hn_auth_rule` (`name` , `title` , `ismenu` , `icon` , `pid` , `status` , `createtime` , `updatetime`) VALUES ('example/tabletemplate/index' , '查看' , 0 , 'fa fa-circle-o' , 116 , 'normal' , 1526720608 , 1526720608) [ RunTime:0.073004s ]
[ sql ] [ SQL ] INSERT INTO `hn_auth_rule` (`name` , `title` , `ismenu` , `icon` , `pid` , `status` , `createtime` , `updatetime`) VALUES ('example/tabletemplate/detail' , '详情' , 0 , 'fa fa-circle-o' , 116 , 'normal' , 1526720608 , 1526720608) [ RunTime:0.033002s ]
[ sql ] [ SQL ] INSERT INTO `hn_auth_rule` (`name` , `title` , `ismenu` , `icon` , `pid` , `status` , `createtime` , `updatetime`) VALUES ('example/tabletemplate/del' , '删除' , 0 , 'fa fa-circle-o' , 116 , 'normal' , 1526720608 , 1526720608) [ RunTime:0.033002s ]
[ sql ] [ SQL ] INSERT INTO `hn_auth_rule` (`name` , `title` , `ismenu` , `icon` , `pid` , `status` , `createtime` , `updatetime`) VALUES ('example/tabletemplate/multi' , '批量更新' , 0 , 'fa fa-circle-o' , 116 , 'normal' , 1526720609 , 1526720609) [ RunTime:0.032002s ]
[ sql ] [ SQL ] INSERT INTO `hn_auth_rule` (`name` , `title` , `icon` , `ismenu` , `pid` , `status` , `createtime` , `updatetime`) VALUES ('example/baidumap' , '百度地图示例' , 'fa fa-map-pin' , 1 , 85 , 'normal' , 1526720609 , 1526720609) [ RunTime:0.037002s ]
[ sql ] [ SQL ] INSERT INTO `hn_auth_rule` (`name` , `title` , `ismenu` , `icon` , `pid` , `status` , `createtime` , `updatetime`) VALUES ('example/baidumap/index' , '查看' , 0 , 'fa fa-circle-o' , 121 , 'normal' , 1526720609 , 1526720609) [ RunTime:0.028002s ]
[ sql ] [ SQL ] INSERT INTO `hn_auth_rule` (`name` , `title` , `ismenu` , `icon` , `pid` , `status` , `createtime` , `updatetime`) VALUES ('example/baidumap/map' , '详情' , 0 , 'fa fa-circle-o' , 121 , 'normal' , 1526720609 , 1526720609) [ RunTime:0.032002s ]
[ sql ] [ SQL ] INSERT INTO `hn_auth_rule` (`name` , `title` , `ismenu` , `icon` , `pid` , `status` , `createtime` , `updatetime`) VALUES ('example/baidumap/del' , '删除' , 0 , 'fa fa-circle-o' , 121 , 'normal' , 1526720609 , 1526720609) [ RunTime:0.033002s ]
[ sql ] [ SQL ] SHOW COLUMNS FROM `hn_admin_log` [ RunTime:0.602034s ]
[ sql ] [ SQL ] INSERT INTO `hn_admin_log` (`title` , `content` , `url` , `admin_id` , `username` , `useragent` , `ip` , `createtime`) VALUES ('插件管理 安装' , '{\"name\":\"example\",\"force\":\"0\",\"uid\":\"0\",\"token\":\"\"}' , '/hntravel/public/index.php/admin/addon/install' , 1 , 'admin' , 'Mozilla/5.0 (Windows NT 6.1; Win64; x64) AppleWebKit/537.36 (KHTML, like Gecko) Chrome/66.0.3359.139 Safari/537.36' , '0.0.0.0' , 1526720613) [ RunTime:0.166009s ]
---------------------------------------------------------------
[ 2018-05-19T17:03:36+08:00 ] 0.0.0.0 POST /hntravel/public/index.php/admin/addon/install
[ info ] localhost/hntravel/public/index.php/admin/addon/install [运行时间：0.687039s][吞吐率：1.46req/s] [内存消耗：3,691.49kb] [文件加载：86]
[ info ] [ BEHAVIOR ] Run Closure @app_init [ RunTime:0.000000s ]
[ info ] [ CACHE ] INIT File
[ info ] [ BEHAVIOR ] Run Closure @app_init [ RunTime:0.004001s ]
[ info ] [ LANG ] D:\phpStudy\WWW\hntravel\thinkphp\lang\zh-cn.php
[ info ] [ ROUTE ] array (
  'type' => 'module',
  'module' => 
  array (
    0 => 'admin',
    1 => 'addon',
    2 => 'install',
  ),
)
[ info ] [ HEADER ] array (
  'cookie' => 'Hm_lvt_f8d0a8c400404989e195270b0bbf060a=1526652868; PHPSESSID=fknv6k208hv0lf5c073ba15rf4',
  'accept-language' => 'zh-CN,zh;q=0.9',
  'accept-encoding' => 'gzip, deflate, br',
  'referer' => 'http://localhost/hntravel/public/index.php/admin/addon?addtabs=1',
  'content-type' => 'application/x-www-form-urlencoded; charset=UTF-8',
  'user-agent' => 'Mozilla/5.0 (Windows NT 6.1; Win64; x64) AppleWebKit/537.36 (KHTML, like Gecko) Chrome/66.0.3359.139 Safari/537.36',
  'x-requested-with' => 'XMLHttpRequest',
  'origin' => 'http://localhost',
  'accept' => 'application/json, text/javascript, */*; q=0.01',
  'content-length' => '36',
  'connection' => 'close',
  'host' => 'localhost',
)
[ info ] [ PARAM ] array (
  'name' => 'summernote',
  'force' => '0',
  'uid' => '0',
  'token' => '',
)
[ info ] [ LANG ] D:\phpStudy\WWW\hntravel\public/../application/admin\lang\zh-cn.php
[ info ] [ BEHAVIOR ] Run app\common\behavior\Common @module_init [ RunTime:0.001000s ]
[ info ] [ SESSION ] INIT array (
  'id' => '',
  'var_session_id' => '',
  'prefix' => 'think',
  'type' => '',
  'auto_start' => true,
)
[ info ] [ DB ] INIT mysql
[ info ] [ LANG ] D:\phpStudy\WWW\hntravel\public/../application/admin/lang/zh-cn/addon.php
[ info ] [ RUN ] app\admin\controller\Addon->install[ D:\phpStudy\WWW\hntravel\application\admin\controller\Addon.php ]
[ info ] [ BEHAVIOR ] Run app\admin\behavior\AdminLog @app_end [ RunTime:0.093006s ]
[ info ] [ LOG ] INIT File
[ sql ] [ DB ] CONNECT:[ UseTime:0.004000s ] mysql:host=localhost;dbname=hntravel;charset=utf8
[ sql ] [ SQL ] SHOW COLUMNS FROM `hn_auth_group_access` [ RunTime:0.027002s ]
[ sql ] [ SQL ] SELECT `aga`.`uid`,`aga`.`group_id`,`ag`.`id`,`ag`.`pid`,`ag`.`name`,`ag`.`rules` FROM `hn_auth_group_access` `aga` LEFT JOIN `hn_auth_group` `ag` ON `aga`.`group_id`=`ag`.`id` WHERE  (  aga.uid='1' and ag.status='normal' ) [ RunTime:0.002000s ]
[ sql ] [ SQL ] SHOW COLUMNS FROM `hn_auth_rule` [ RunTime:0.009000s ]
[ sql ] [ SQL ] SELECT `id`,`pid`,`condition`,`icon`,`name`,`title`,`ismenu` FROM `hn_auth_rule` WHERE  `status` = 'normal' [ RunTime:0.001000s ]
[ sql ] [ SQL ] SHOW COLUMNS FROM `hn_admin_log` [ RunTime:0.001000s ]
[ sql ] [ SQL ] INSERT INTO `hn_admin_log` (`title` , `content` , `url` , `admin_id` , `username` , `useragent` , `ip` , `createtime`) VALUES ('插件管理 安装' , '{\"name\":\"summernote\",\"force\":\"0\",\"uid\":\"0\",\"token\":\"\"}' , '/hntravel/public/index.php/admin/addon/install' , 1 , 'admin' , 'Mozilla/5.0 (Windows NT 6.1; Win64; x64) AppleWebKit/537.36 (KHTML, like Gecko) Chrome/66.0.3359.139 Safari/537.36' , '0.0.0.0' , 1526720616) [ RunTime:0.089005s ]
---------------------------------------------------------------
[ 2018-05-19T17:03:49+08:00 ] 0.0.0.0 POST /hntravel/public/index.php/admin/addon/install
[ info ] localhost/hntravel/public/index.php/admin/addon/install [运行时间：0.487028s][吞吐率：2.05req/s] [内存消耗：3,691.92kb] [文件加载：86]
[ info ] [ BEHAVIOR ] Run Closure @app_init [ RunTime:0.000000s ]
[ info ] [ CACHE ] INIT File
[ info ] [ BEHAVIOR ] Run Closure @app_init [ RunTime:0.005001s ]
[ info ] [ LANG ] D:\phpStudy\WWW\hntravel\thinkphp\lang\zh-cn.php
[ info ] [ ROUTE ] array (
  'type' => 'module',
  'module' => 
  array (
    0 => 'admin',
    1 => 'addon',
    2 => 'install',
  ),
)
[ info ] [ HEADER ] array (
  'cookie' => 'Hm_lvt_f8d0a8c400404989e195270b0bbf060a=1526652868; PHPSESSID=fknv6k208hv0lf5c073ba15rf4',
  'accept-language' => 'zh-CN,zh;q=0.9',
  'accept-encoding' => 'gzip, deflate, br',
  'referer' => 'http://localhost/hntravel/public/index.php/admin/addon?addtabs=1',
  'content-type' => 'application/x-www-form-urlencoded; charset=UTF-8',
  'user-agent' => 'Mozilla/5.0 (Windows NT 6.1; Win64; x64) AppleWebKit/537.36 (KHTML, like Gecko) Chrome/66.0.3359.139 Safari/537.36',
  'x-requested-with' => 'XMLHttpRequest',
  'origin' => 'http://localhost',
  'accept' => 'application/json, text/javascript, */*; q=0.01',
  'content-length' => '34',
  'connection' => 'close',
  'host' => 'localhost',
)
[ info ] [ PARAM ] array (
  'name' => 'adminlte',
  'force' => '0',
  'uid' => '0',
  'token' => '',
)
[ info ] [ LANG ] D:\phpStudy\WWW\hntravel\public/../application/admin\lang\zh-cn.php
[ info ] [ BEHAVIOR ] Run app\common\behavior\Common @module_init [ RunTime:0.001000s ]
[ info ] [ SESSION ] INIT array (
  'id' => '',
  'var_session_id' => '',
  'prefix' => 'think',
  'type' => '',
  'auto_start' => true,
)
[ info ] [ DB ] INIT mysql
[ info ] [ LANG ] D:\phpStudy\WWW\hntravel\public/../application/admin/lang/zh-cn/addon.php
[ info ] [ RUN ] app\admin\controller\Addon->install[ D:\phpStudy\WWW\hntravel\application\admin\controller\Addon.php ]
[ info ] [ BEHAVIOR ] Run app\admin\behavior\AdminLog @app_end [ RunTime:0.058004s ]
[ info ] [ LOG ] INIT File
[ sql ] [ DB ] CONNECT:[ UseTime:0.004000s ] mysql:host=localhost;dbname=hntravel;charset=utf8
[ sql ] [ SQL ] SHOW COLUMNS FROM `hn_auth_group_access` [ RunTime:0.032002s ]
[ sql ] [ SQL ] SELECT `aga`.`uid`,`aga`.`group_id`,`ag`.`id`,`ag`.`pid`,`ag`.`name`,`ag`.`rules` FROM `hn_auth_group_access` `aga` LEFT JOIN `hn_auth_group` `ag` ON `aga`.`group_id`=`ag`.`id` WHERE  (  aga.uid='1' and ag.status='normal' ) [ RunTime:0.001000s ]
[ sql ] [ SQL ] SHOW COLUMNS FROM `hn_auth_rule` [ RunTime:0.002000s ]
[ sql ] [ SQL ] SELECT `id`,`pid`,`condition`,`icon`,`name`,`title`,`ismenu` FROM `hn_auth_rule` WHERE  `status` = 'normal' [ RunTime:0.001000s ]
[ sql ] [ SQL ] SHOW COLUMNS FROM `hn_admin_log` [ RunTime:0.002000s ]
[ sql ] [ SQL ] INSERT INTO `hn_admin_log` (`title` , `content` , `url` , `admin_id` , `username` , `useragent` , `ip` , `createtime`) VALUES ('插件管理 安装' , '{\"name\":\"adminlte\",\"force\":\"0\",\"uid\":\"0\",\"token\":\"\"}' , '/hntravel/public/index.php/admin/addon/install' , 1 , 'admin' , 'Mozilla/5.0 (Windows NT 6.1; Win64; x64) AppleWebKit/537.36 (KHTML, like Gecko) Chrome/66.0.3359.139 Safari/537.36' , '0.0.0.0' , 1526720629) [ RunTime:0.055004s ]
